2020-11-17 19:20:39.826  INFO macpk-wks-0172 --- [           main] .b.t.c.SpringBootTestContextBootstrapper : Neither @ContextConfiguration nor @ContextHierarchy found for test class [com.barco.admin.AdminApiApplicationTests], using SpringBootContextLoader
2020-11-17 19:20:39.848  INFO macpk-wks-0172 --- [           main] o.s.t.c.s.AbstractContextLoader          : Could not detect default resource locations for test class [com.barco.admin.AdminApiApplicationTests]: no resource found for suffixes {-context.xml, Context.groovy}.
2020-11-17 19:20:39.851  INFO macpk-wks-0172 --- [           main] t.c.s.AnnotationConfigContextLoaderUtils : Could not detect default configuration classes for test class [com.barco.admin.AdminApiApplicationTests]: AdminApiApplicationTests does not declare any static, non-private, non-final, nested classes annotated with @Configuration.
2020-11-17 19:20:40.241  INFO macpk-wks-0172 --- [           main] .b.t.c.SpringBootTestContextBootstrapper : Found @SpringBootConfiguration com.barco.admin.AdminApiApplication for test class com.barco.admin.AdminApiApplicationTests
2020-11-17 19:20:40.714  INFO macpk-wks-0172 --- [           main] .b.t.c.SpringBootTestContextBootstrapper : Loaded default TestExecutionListener class names from location [META-INF/spring.factories]: [org.springframework.boot.test.mock.mockito.MockitoTestExecutionListener, org.springframework.boot.test.mock.mockito.ResetMocksTestExecutionListener, org.springframework.boot.test.autoconfigure.restdocs.RestDocsTestExecutionListener, org.springframework.boot.test.autoconfigure.web.client.MockRestServiceServerResetTestExecutionListener, org.springframework.boot.test.autoconfigure.web.servlet.MockMvcPrintOnlyOnFailureTestExecutionListener, org.springframework.boot.test.autoconfigure.web.servlet.WebDriverTestExecutionListener, org.springframework.boot.test.autoconfigure.webservices.client.MockWebServiceServerTestExecutionListener, org.springframework.test.context.web.ServletTestExecutionListener, org.springframework.test.context.support.DirtiesContextBeforeModesTestExecutionListener, org.springframework.test.context.support.DependencyInjectionTestExecutionListener, org.springframework.test.context.support.DirtiesContextTestExecutionListener, org.springframework.test.context.transaction.TransactionalTestExecutionListener, org.springframework.test.context.jdbc.SqlScriptsTestExecutionListener, org.springframework.test.context.event.EventPublishingTestExecutionListener]
2020-11-17 19:20:41.155  INFO macpk-wks-0172 --- [           main] .b.t.c.SpringBootTestContextBootstrapper : Using TestExecutionListeners: [org.springframework.test.context.web.ServletTestExecutionListener@5a85c92, org.springframework.test.context.support.DirtiesContextBeforeModesTestExecutionListener@32811494, org.springframework.boot.test.mock.mockito.MockitoTestExecutionListener@4795ded0, org.springframework.boot.test.autoconfigure.SpringBootDependencyInjectionTestExecutionListener@53dacd14, org.springframework.test.context.support.DirtiesContextTestExecutionListener@14d14731, org.springframework.test.context.transaction.TransactionalTestExecutionListener@2eced48b, org.springframework.test.context.jdbc.SqlScriptsTestExecutionListener@47c4ecdc, org.springframework.test.context.event.EventPublishingTestExecutionListener@42f33b5d, org.springframework.boot.test.mock.mockito.ResetMocksTestExecutionListener@5c8504fd, org.springframework.boot.test.autoconfigure.restdocs.RestDocsTestExecutionListener@4b7e96a, org.springframework.boot.test.autoconfigure.web.client.MockRestServiceServerResetTestExecutionListener@6475472c, org.springframework.boot.test.autoconfigure.web.servlet.MockMvcPrintOnlyOnFailureTestExecutionListener@3f07b12c, org.springframework.boot.test.autoconfigure.web.servlet.WebDriverTestExecutionListener@4bd1f8dd, org.springframework.boot.test.autoconfigure.webservices.client.MockWebServiceServerTestExecutionListener@7096b474]
2020-11-17 19:20:43.188  INFO macpk-wks-0172 --- [           main] c.b.a.AdminApiApplicationTests           : Starting AdminApiApplicationTests on macpk-wks-0172 with PID 22532 (started by Nabeel.Ahmed in C:\Users\Nabeel.Ahmed\Downloads\admin-api)
2020-11-17 19:20:43.194 DEBUG macpk-wks-0172 --- [           main] c.b.a.AdminApiApplicationTests           : Running with Spring Boot v2.3.2.RELEASE, Spring v5.2.8.RELEASE
2020-11-17 19:20:43.194  INFO macpk-wks-0172 --- [           main] c.b.a.AdminApiApplicationTests           : The following profiles are active: dev
2020-11-17 19:20:45.963  INFO macpk-wks-0172 --- [           main] .s.d.r.c.RepositoryConfigurationDelegate : Bootstrapping Spring Data JPA repositories in DEFERRED mode.
2020-11-17 19:20:46.307  INFO macpk-wks-0172 --- [           main] .s.d.r.c.RepositoryConfigurationDelegate : Finished Spring Data repository scanning in 300ms. Found 9 JPA repository interfaces.
2020-11-17 19:20:48.344  INFO macpk-wks-0172 --- [           main] o.h.j.i.u.LogHelper                      : HHH000204: Processing PersistenceUnitInfo [name: default]
2020-11-17 19:20:48.501  INFO macpk-wks-0172 --- [           main] o.h.Version                              : HHH000412: Hibernate ORM core version 5.4.18.Final
2020-11-17 19:20:49.014  INFO macpk-wks-0172 --- [           main] o.h.a.c.Version                          : HCANN000001: Hibernate Commons Annotations {5.1.0.Final}
2020-11-17 19:20:50.519  INFO macpk-wks-0172 --- [           main] o.h.d.Dialect                            : HHH000400: Using dialect: org.hibernate.dialect.PostgreSQLDialect
2020-11-17 19:20:53.347  INFO macpk-wks-0172 --- [           main] c.z.h.HikariDataSource                   : HikariPool-1 - Starting...
2020-11-17 19:20:53.579  INFO macpk-wks-0172 --- [           main] c.z.h.HikariDataSource                   : HikariPool-1 - Start completed.
2020-11-17 19:20:54.312  INFO macpk-wks-0172 --- [           main] o.h.e.t.j.p.i.JtaPlatformInitiator       : HHH000490: Using JtaPlatform implementation: [org.hibernate.engine.transaction.jta.platform.internal.NoJtaPlatform]
2020-11-17 19:20:54.327  INFO macpk-wks-0172 --- [           main] j.LocalContainerEntityManagerFactoryBean : Initialized JPA EntityManagerFactory for persistence unit 'default'
2020-11-17 19:20:54.480  WARN macpk-wks-0172 --- [           main] JpaBaseConfiguration$JpaWebConfiguration : spring.jpa.open-in-view is enabled by default. Therefore, database queries may be performed during view rendering. Explicitly configure spring.jpa.open-in-view to disable this warning
2020-11-17 19:21:00.278  INFO macpk-wks-0172 --- [           main] o.s.s.c.ThreadPoolTaskExecutor           : Initializing ExecutorService 'clientInboundChannelExecutor'
2020-11-17 19:21:00.343  INFO macpk-wks-0172 --- [           main] o.s.s.c.ThreadPoolTaskExecutor           : Initializing ExecutorService 'clientOutboundChannelExecutor'
2020-11-17 19:21:00.517  INFO macpk-wks-0172 --- [           main] o.s.s.c.ThreadPoolTaskScheduler          : Initializing ExecutorService 'messageBrokerTaskScheduler'
2020-11-17 19:21:01.323  INFO macpk-wks-0172 --- [           main] pertySourcedRequestMappingHandlerMapping : Mapped URL path [/v2/api-docs] onto method [springfox.documentation.swagger2.web.Swagger2Controller#getDocumentation(String, HttpServletRequest)]
2020-11-17 19:21:01.750  INFO macpk-wks-0172 --- [           main] o.s.s.w.DefaultSecurityFilterChain       : Creating filter chain: any request, [org.springframework.security.web.context.request.async.WebAsyncManagerIntegrationFilter@795131d6, org.springframework.security.web.context.SecurityContextPersistenceFilter@34e68840, org.springframework.security.web.header.HeaderWriterFilter@7cf66cf9, org.springframework.web.filter.CorsFilter@7d7a8d23, org.springframework.security.web.authentication.logout.LogoutFilter@a97a895, com.barco.common.filter.TokenAuthenticationFilter@1870b9b8, org.springframework.security.web.savedrequest.RequestCacheAwareFilter@5b0835cb, org.springframework.security.web.servletapi.SecurityContextHolderAwareRequestFilter@6493f780, org.springframework.security.web.authentication.AnonymousAuthenticationFilter@3acc65f0, org.springframework.security.web.session.SessionManagementFilter@6e617c0e, org.springframework.security.web.access.ExceptionTranslationFilter@6fbcc078, org.springframework.security.web.access.intercept.FilterSecurityInterceptor@1bbc1b90]
2020-11-17 19:21:01.815  INFO macpk-wks-0172 --- [           main] c.b.a.c.WebSocketClientConfig            : >============WebSocketClient==============<
2020-11-17 19:21:02.187  INFO macpk-wks-0172 --- [           main] c.b.a.c.WebSocketClientConfig            : >============WebSocketStompClient==============<
2020-11-17 19:21:02.218  INFO macpk-wks-0172 --- [           main] o.s.s.c.ThreadPoolTaskExecutor           : Initializing ExecutorService 'brokerChannelExecutor'
2020-11-17 19:21:02.479  INFO macpk-wks-0172 --- [           main] c.b.c.c.CommonConfig                     : +================RestTemplate-Start====================+
2020-11-17 19:21:04.043  INFO macpk-wks-0172 --- [           main] c.b.c.c.CommonConfig                     : +================RestTemplate-End====================+
2020-11-17 19:21:04.128  INFO macpk-wks-0172 --- [           main] c.b.c.m.a.e.AsyncDALTaskExecutor         : >============AsyncDALTaskExecutor Start Successful============<
2020-11-17 19:21:04.138  INFO macpk-wks-0172 --- [           main] c.b.c.m.a.e.AsyncDALTaskExecutor         : >============AsyncDALTaskExecutor End Successful============<
2020-11-17 19:21:05.690  INFO macpk-wks-0172 --- [           main] d.s.w.p.DocumentationPluginsBootstrapper : Context refreshed
2020-11-17 19:21:05.753  INFO macpk-wks-0172 --- [           main] d.s.w.p.DocumentationPluginsBootstrapper : Found 1 custom documentation plugin(s)
2020-11-17 19:21:06.049  INFO macpk-wks-0172 --- [           main] s.d.s.w.s.ApiListingReferenceScanner     : Scanning for api listing references
2020-11-17 19:21:06.592  INFO macpk-wks-0172 --- [           main] .d.s.w.r.o.CachingOperationNameGenerator : Generating unique operation named: statusChangeUsingPOST_1
2020-11-17 19:21:06.622  INFO macpk-wks-0172 --- [           main] .d.s.w.r.o.CachingOperationNameGenerator : Generating unique operation named: statusChangeUsingPOST_2
2020-11-17 19:21:06.665  INFO macpk-wks-0172 --- [           main] o.s.m.s.b.SimpleBrokerMessageHandler     : Starting...
2020-11-17 19:21:06.665  INFO macpk-wks-0172 --- [           main] o.s.m.s.b.SimpleBrokerMessageHandler     : BrokerAvailabilityEvent[available=true, SimpleBrokerMessageHandler [DefaultSubscriptionRegistry[cache[0 destination(s)], registry[0 sessions]]]]
2020-11-17 19:21:06.668  INFO macpk-wks-0172 --- [           main] o.s.m.s.b.SimpleBrokerMessageHandler     : Started.
2020-11-17 19:21:06.670  INFO macpk-wks-0172 --- [           main] DeferredRepositoryInitializationListener : Triggering deferred initialization of Spring Data repositories…
2020-11-17 19:21:07.964  INFO macpk-wks-0172 --- [           main] DeferredRepositoryInitializationListener : Spring Data repositories initialized!
2020-11-17 19:21:07.997  INFO macpk-wks-0172 --- [           main] c.b.a.AdminApiApplicationTests           : Started AdminApiApplicationTests in 26.301 seconds (JVM running for 31.658)
2020-11-17 19:21:08.534  INFO macpk-wks-0172 --- [extShutdownHook] o.s.m.s.b.SimpleBrokerMessageHandler     : Stopping...
2020-11-17 19:21:08.535  INFO macpk-wks-0172 --- [extShutdownHook] o.s.m.s.b.SimpleBrokerMessageHandler     : BrokerAvailabilityEvent[available=false, SimpleBrokerMessageHandler [DefaultSubscriptionRegistry[cache[0 destination(s)], registry[0 sessions]]]]
2020-11-17 19:21:08.536  INFO macpk-wks-0172 --- [extShutdownHook] o.s.m.s.b.SimpleBrokerMessageHandler     : Stopped.
2020-11-17 19:21:08.542  INFO macpk-wks-0172 --- [extShutdownHook] o.s.s.c.ThreadPoolTaskExecutor           : Shutting down ExecutorService 'brokerChannelExecutor'
2020-11-17 19:21:08.544  INFO macpk-wks-0172 --- [extShutdownHook] o.s.s.c.ThreadPoolTaskScheduler          : Shutting down ExecutorService 'messageBrokerTaskScheduler'
2020-11-17 19:21:08.545  INFO macpk-wks-0172 --- [extShutdownHook] o.s.s.c.ThreadPoolTaskExecutor           : Shutting down ExecutorService 'clientOutboundChannelExecutor'
2020-11-17 19:21:08.545  INFO macpk-wks-0172 --- [extShutdownHook] o.s.s.c.ThreadPoolTaskExecutor           : Shutting down ExecutorService 'clientInboundChannelExecutor'
2020-11-17 19:21:08.549  INFO macpk-wks-0172 --- [extShutdownHook] j.LocalContainerEntityManagerFactoryBean : Closing JPA EntityManagerFactory for persistence unit 'default'
2020-11-17 19:21:08.553  INFO macpk-wks-0172 --- [extShutdownHook] c.z.h.HikariDataSource                   : HikariPool-1 - Shutdown initiated...
2020-11-17 19:21:08.568  INFO macpk-wks-0172 --- [extShutdownHook] c.z.h.HikariDataSource                   : HikariPool-1 - Shutdown completed.
2020-11-17 19:22:18.773  INFO macpk-wks-0172 --- [           main] c.b.a.AdminApiApplication                : Starting AdminApiApplication on macpk-wks-0172 with PID 17656 (C:\Users\Nabeel.Ahmed\Downloads\admin-api\target\classes started by Nabeel.Ahmed in C:\Users\Nabeel.Ahmed\Downloads\admin-api)
2020-11-17 19:22:18.782 DEBUG macpk-wks-0172 --- [           main] c.b.a.AdminApiApplication                : Running with Spring Boot v2.3.2.RELEASE, Spring v5.2.8.RELEASE
2020-11-17 19:22:18.783  INFO macpk-wks-0172 --- [           main] c.b.a.AdminApiApplication                : The following profiles are active: dev
2020-11-17 19:22:19.993  INFO macpk-wks-0172 --- [           main] .s.d.r.c.RepositoryConfigurationDelegate : Bootstrapping Spring Data JPA repositories in DEFERRED mode.
2020-11-17 19:22:20.129  INFO macpk-wks-0172 --- [           main] .s.d.r.c.RepositoryConfigurationDelegate : Finished Spring Data repository scanning in 129ms. Found 9 JPA repository interfaces.
2020-11-17 19:22:21.649  INFO macpk-wks-0172 --- [           main] o.s.b.w.e.t.TomcatWebServer              : Tomcat initialized with port(s): 9096 (http)
2020-11-17 19:22:21.657  INFO macpk-wks-0172 --- [           main] o.a.c.h.Http11NioProtocol                : Initializing ProtocolHandler ["http-nio-9096"]
2020-11-17 19:22:21.658  INFO macpk-wks-0172 --- [           main] o.a.c.c.StandardService                  : Starting service [Tomcat]
2020-11-17 19:22:21.658  INFO macpk-wks-0172 --- [           main] o.a.c.c.StandardEngine                   : Starting Servlet engine: [Apache Tomcat/9.0.37]
2020-11-17 19:22:21.874  INFO macpk-wks-0172 --- [           main] o.a.c.c.C.[.[.[/api/barco]               : Initializing Spring embedded WebApplicationContext
2020-11-17 19:22:21.874  INFO macpk-wks-0172 --- [           main] w.s.c.ServletWebServerApplicationContext : Root WebApplicationContext: initialization completed in 3039 ms
2020-11-17 19:22:21.960  WARN macpk-wks-0172 --- [           main] JpaBaseConfiguration$JpaWebConfiguration : spring.jpa.open-in-view is enabled by default. Therefore, database queries may be performed during view rendering. Explicitly configure spring.jpa.open-in-view to disable this warning
2020-11-17 19:22:22.119  INFO macpk-wks-0172 --- [           main] o.h.j.i.u.LogHelper                      : HHH000204: Processing PersistenceUnitInfo [name: default]
2020-11-17 19:22:22.173  INFO macpk-wks-0172 --- [           main] o.h.Version                              : HHH000412: Hibernate ORM core version 5.4.18.Final
2020-11-17 19:22:22.488  INFO macpk-wks-0172 --- [           main] o.h.a.c.Version                          : HCANN000001: Hibernate Commons Annotations {5.1.0.Final}
2020-11-17 19:22:22.605  INFO macpk-wks-0172 --- [           main] o.h.d.Dialect                            : HHH000400: Using dialect: org.hibernate.dialect.PostgreSQLDialect
2020-11-17 19:22:23.483  INFO macpk-wks-0172 --- [           main] c.z.h.HikariDataSource                   : HikariPool-1 - Starting...
2020-11-17 19:22:23.707  INFO macpk-wks-0172 --- [           main] c.z.h.HikariDataSource                   : HikariPool-1 - Start completed.
2020-11-17 19:22:24.093  INFO macpk-wks-0172 --- [           main] o.h.e.t.j.p.i.JtaPlatformInitiator       : HHH000490: Using JtaPlatform implementation: [org.hibernate.engine.transaction.jta.platform.internal.NoJtaPlatform]
2020-11-17 19:22:24.104  INFO macpk-wks-0172 --- [           main] j.LocalContainerEntityManagerFactoryBean : Initialized JPA EntityManagerFactory for persistence unit 'default'
2020-11-17 19:22:24.824  INFO macpk-wks-0172 --- [           main] o.s.s.c.ThreadPoolTaskExecutor           : Initializing ExecutorService 'clientInboundChannelExecutor'
2020-11-17 19:22:24.828  INFO macpk-wks-0172 --- [           main] o.s.s.c.ThreadPoolTaskExecutor           : Initializing ExecutorService 'clientOutboundChannelExecutor'
2020-11-17 19:22:24.835  INFO macpk-wks-0172 --- [           main] o.s.s.c.ThreadPoolTaskScheduler          : Initializing ExecutorService 'messageBrokerTaskScheduler'
2020-11-17 19:22:24.880  INFO macpk-wks-0172 --- [           main] pertySourcedRequestMappingHandlerMapping : Mapped URL path [/v2/api-docs] onto method [springfox.documentation.swagger2.web.Swagger2Controller#getDocumentation(String, HttpServletRequest)]
2020-11-17 19:22:24.943  INFO macpk-wks-0172 --- [           main] o.s.s.w.DefaultSecurityFilterChain       : Creating filter chain: any request, [org.springframework.security.web.context.request.async.WebAsyncManagerIntegrationFilter@4b511e61, org.springframework.security.web.context.SecurityContextPersistenceFilter@2ebf524, org.springframework.security.web.header.HeaderWriterFilter@2bc59ab7, org.springframework.web.filter.CorsFilter@74a74070, org.springframework.security.web.authentication.logout.LogoutFilter@3dc2f14, com.barco.common.filter.TokenAuthenticationFilter@b841713, org.springframework.security.web.savedrequest.RequestCacheAwareFilter@799971ac, org.springframework.security.web.servletapi.SecurityContextHolderAwareRequestFilter@492fa72a, org.springframework.security.web.authentication.AnonymousAuthenticationFilter@6c6919ff, org.springframework.security.web.session.SessionManagementFilter@b267745, org.springframework.security.web.access.ExceptionTranslationFilter@32caae19, org.springframework.security.web.access.intercept.FilterSecurityInterceptor@3cf70afa]
2020-11-17 19:22:24.950  INFO macpk-wks-0172 --- [           main] c.b.a.c.WebSocketClientConfig            : >============WebSocketClient==============<
2020-11-17 19:22:24.973  INFO macpk-wks-0172 --- [           main] c.b.a.c.WebSocketClientConfig            : >============WebSocketStompClient==============<
2020-11-17 19:22:24.984  INFO macpk-wks-0172 --- [           main] o.s.s.c.ThreadPoolTaskExecutor           : Initializing ExecutorService 'brokerChannelExecutor'
2020-11-17 19:22:25.037  INFO macpk-wks-0172 --- [           main] c.b.c.c.CommonConfig                     : +================RestTemplate-Start====================+
2020-11-17 19:22:25.215  INFO macpk-wks-0172 --- [           main] c.b.c.c.CommonConfig                     : +================RestTemplate-End====================+
2020-11-17 19:22:25.223  INFO macpk-wks-0172 --- [           main] c.b.c.m.a.e.AsyncDALTaskExecutor         : >============AsyncDALTaskExecutor Start Successful============<
2020-11-17 19:22:25.224  INFO macpk-wks-0172 --- [           main] c.b.c.m.a.e.AsyncDALTaskExecutor         : >============AsyncDALTaskExecutor End Successful============<
2020-11-17 19:22:25.436  INFO macpk-wks-0172 --- [           main] o.a.c.h.Http11NioProtocol                : Starting ProtocolHandler ["http-nio-9096"]
2020-11-17 19:22:25.458  INFO macpk-wks-0172 --- [           main] o.s.b.w.e.t.TomcatWebServer              : Tomcat started on port(s): 9096 (http) with context path '/api/barco'
2020-11-17 19:22:25.459  INFO macpk-wks-0172 --- [           main] d.s.w.p.DocumentationPluginsBootstrapper : Context refreshed
2020-11-17 19:22:25.484  INFO macpk-wks-0172 --- [           main] d.s.w.p.DocumentationPluginsBootstrapper : Found 1 custom documentation plugin(s)
2020-11-17 19:22:25.524  INFO macpk-wks-0172 --- [           main] s.d.s.w.s.ApiListingReferenceScanner     : Scanning for api listing references
2020-11-17 19:22:25.769  INFO macpk-wks-0172 --- [           main] .d.s.w.r.o.CachingOperationNameGenerator : Generating unique operation named: statusChangeUsingPOST_1
2020-11-17 19:22:25.782  INFO macpk-wks-0172 --- [           main] .d.s.w.r.o.CachingOperationNameGenerator : Generating unique operation named: statusChangeUsingPOST_2
2020-11-17 19:22:25.797  INFO macpk-wks-0172 --- [           main] o.s.m.s.b.SimpleBrokerMessageHandler     : Starting...
2020-11-17 19:22:25.798  INFO macpk-wks-0172 --- [           main] o.s.m.s.b.SimpleBrokerMessageHandler     : BrokerAvailabilityEvent[available=true, SimpleBrokerMessageHandler [DefaultSubscriptionRegistry[cache[0 destination(s)], registry[0 sessions]]]]
2020-11-17 19:22:25.798  INFO macpk-wks-0172 --- [           main] o.s.m.s.b.SimpleBrokerMessageHandler     : Started.
2020-11-17 19:22:25.799  INFO macpk-wks-0172 --- [           main] DeferredRepositoryInitializationListener : Triggering deferred initialization of Spring Data repositories…
2020-11-17 19:22:26.602  INFO macpk-wks-0172 --- [           main] DeferredRepositoryInitializationListener : Spring Data repositories initialized!
2020-11-17 19:22:26.614  INFO macpk-wks-0172 --- [           main] c.b.a.AdminApiApplication                : Started AdminApiApplication in 8.259 seconds (JVM running for 9.456)
2020-11-17 19:22:57.172  INFO macpk-wks-0172 --- [nio-9096-exec-1] o.a.c.c.C.[.[.[/api/barco]               : Initializing Spring DispatcherServlet 'dispatcherServlet'
2020-11-17 19:22:57.172  INFO macpk-wks-0172 --- [nio-9096-exec-1] o.s.w.s.DispatcherServlet                : Initializing Servlet 'dispatcherServlet'
2020-11-17 19:22:57.178  INFO macpk-wks-0172 --- [nio-9096-exec-1] o.s.w.s.DispatcherServlet                : Completed initialization in 6 ms
2020-11-17 19:23:24.982  INFO macpk-wks-0172 --- [MessageBroker-1] o.s.w.s.c.WebSocketMessageBrokerStats    : WebSocketSession[0 current WS(0)-HttpStream(0)-HttpPoll(0), 0 total, 0 closed abnormally (0 connect failure, 0 send limit, 0 transport error)], stompSubProtocol[processed CONNECT(0)-CONNECTED(0)-DISCONNECT(0)], stompBrokerRelay[null], inboundChannel[pool size = 0, active threads = 0, queued tasks = 0, completed tasks = 0], outboundChannel[pool size = 0, active threads = 0, queued tasks = 0, completed tasks = 0], sockJsScheduler[pool size = 1, active threads = 1, queued tasks = 0, completed tasks = 0]
2020-11-17 09:27:25.225  INFO macpk-wks-0172 --- [        Timer-0] c.b.c.m.a.e.AsyncDALTaskExecutor         : AsyncDAL Active No Threads: 0 Core no of Threads: 20 Current no of threads: 0 Current Queue Size: 0 Max allowed Threads: 50
2020-11-17 19:27:30.986  INFO macpk-wks-0172 --- [           main] .b.t.c.SpringBootTestContextBootstrapper : Neither @ContextConfiguration nor @ContextHierarchy found for test class [com.barco.admin.AdminApiApplicationTests], using SpringBootContextLoader
2020-11-17 19:27:31.009  INFO macpk-wks-0172 --- [           main] o.s.t.c.s.AbstractContextLoader          : Could not detect default resource locations for test class [com.barco.admin.AdminApiApplicationTests]: no resource found for suffixes {-context.xml, Context.groovy}.
2020-11-17 19:27:31.011  INFO macpk-wks-0172 --- [           main] t.c.s.AnnotationConfigContextLoaderUtils : Could not detect default configuration classes for test class [com.barco.admin.AdminApiApplicationTests]: AdminApiApplicationTests does not declare any static, non-private, non-final, nested classes annotated with @Configuration.
2020-11-17 19:27:31.219  INFO macpk-wks-0172 --- [           main] .b.t.c.SpringBootTestContextBootstrapper : Found @SpringBootConfiguration com.barco.admin.AdminApiApplication for test class com.barco.admin.AdminApiApplicationTests
2020-11-17 19:27:31.434  INFO macpk-wks-0172 --- [           main] .b.t.c.SpringBootTestContextBootstrapper : Loaded default TestExecutionListener class names from location [META-INF/spring.factories]: [org.springframework.boot.test.mock.mockito.MockitoTestExecutionListener, org.springframework.boot.test.mock.mockito.ResetMocksTestExecutionListener, org.springframework.boot.test.autoconfigure.restdocs.RestDocsTestExecutionListener, org.springframework.boot.test.autoconfigure.web.client.MockRestServiceServerResetTestExecutionListener, org.springframework.boot.test.autoconfigure.web.servlet.MockMvcPrintOnlyOnFailureTestExecutionListener, org.springframework.boot.test.autoconfigure.web.servlet.WebDriverTestExecutionListener, org.springframework.boot.test.autoconfigure.webservices.client.MockWebServiceServerTestExecutionListener, org.springframework.test.context.web.ServletTestExecutionListener, org.springframework.test.context.support.DirtiesContextBeforeModesTestExecutionListener, org.springframework.test.context.support.DependencyInjectionTestExecutionListener, org.springframework.test.context.support.DirtiesContextTestExecutionListener, org.springframework.test.context.transaction.TransactionalTestExecutionListener, org.springframework.test.context.jdbc.SqlScriptsTestExecutionListener, org.springframework.test.context.event.EventPublishingTestExecutionListener]
2020-11-17 19:27:31.478  INFO macpk-wks-0172 --- [           main] .b.t.c.SpringBootTestContextBootstrapper : Using TestExecutionListeners: [org.springframework.test.context.web.ServletTestExecutionListener@5a85c92, org.springframework.test.context.support.DirtiesContextBeforeModesTestExecutionListener@32811494, org.springframework.boot.test.mock.mockito.MockitoTestExecutionListener@4795ded0, org.springframework.boot.test.autoconfigure.SpringBootDependencyInjectionTestExecutionListener@53dacd14, org.springframework.test.context.support.DirtiesContextTestExecutionListener@14d14731, org.springframework.test.context.transaction.TransactionalTestExecutionListener@2eced48b, org.springframework.test.context.jdbc.SqlScriptsTestExecutionListener@47c4ecdc, org.springframework.test.context.event.EventPublishingTestExecutionListener@42f33b5d, org.springframework.boot.test.mock.mockito.ResetMocksTestExecutionListener@5c8504fd, org.springframework.boot.test.autoconfigure.restdocs.RestDocsTestExecutionListener@4b7e96a, org.springframework.boot.test.autoconfigure.web.client.MockRestServiceServerResetTestExecutionListener@6475472c, org.springframework.boot.test.autoconfigure.web.servlet.MockMvcPrintOnlyOnFailureTestExecutionListener@3f07b12c, org.springframework.boot.test.autoconfigure.web.servlet.WebDriverTestExecutionListener@4bd1f8dd, org.springframework.boot.test.autoconfigure.webservices.client.MockWebServiceServerTestExecutionListener@7096b474]
2020-11-17 19:27:32.143  INFO macpk-wks-0172 --- [           main] c.b.a.AdminApiApplicationTests           : Starting AdminApiApplicationTests on macpk-wks-0172 with PID 22592 (started by Nabeel.Ahmed in C:\Users\Nabeel.Ahmed\Downloads\admin-api)
2020-11-17 19:27:32.148 DEBUG macpk-wks-0172 --- [           main] c.b.a.AdminApiApplicationTests           : Running with Spring Boot v2.3.2.RELEASE, Spring v5.2.8.RELEASE
2020-11-17 19:27:32.148  INFO macpk-wks-0172 --- [           main] c.b.a.AdminApiApplicationTests           : The following profiles are active: dev
2020-11-17 19:27:33.963  INFO macpk-wks-0172 --- [           main] .s.d.r.c.RepositoryConfigurationDelegate : Bootstrapping Spring Data JPA repositories in DEFERRED mode.
2020-11-17 19:27:34.220  INFO macpk-wks-0172 --- [           main] .s.d.r.c.RepositoryConfigurationDelegate : Finished Spring Data repository scanning in 238ms. Found 9 JPA repository interfaces.
2020-11-17 19:27:35.806  INFO macpk-wks-0172 --- [           main] o.h.j.i.u.LogHelper                      : HHH000204: Processing PersistenceUnitInfo [name: default]
2020-11-17 19:27:35.917  INFO macpk-wks-0172 --- [           main] o.h.Version                              : HHH000412: Hibernate ORM core version 5.4.18.Final
2020-11-17 19:27:36.151  INFO macpk-wks-0172 --- [           main] o.h.a.c.Version                          : HCANN000001: Hibernate Commons Annotations {5.1.0.Final}
2020-11-17 19:27:37.312  INFO macpk-wks-0172 --- [           main] o.h.d.Dialect                            : HHH000400: Using dialect: org.hibernate.dialect.PostgreSQLDialect
2020-11-17 19:27:38.581  INFO macpk-wks-0172 --- [           main] c.z.h.HikariDataSource                   : HikariPool-1 - Starting...
2020-11-17 19:27:38.763  INFO macpk-wks-0172 --- [           main] c.z.h.HikariDataSource                   : HikariPool-1 - Start completed.
2020-11-17 19:27:39.191  INFO macpk-wks-0172 --- [           main] o.h.e.t.j.p.i.JtaPlatformInitiator       : HHH000490: Using JtaPlatform implementation: [org.hibernate.engine.transaction.jta.platform.internal.NoJtaPlatform]
2020-11-17 19:27:39.208  INFO macpk-wks-0172 --- [           main] j.LocalContainerEntityManagerFactoryBean : Initialized JPA EntityManagerFactory for persistence unit 'default'
2020-11-17 19:27:39.406  WARN macpk-wks-0172 --- [           main] JpaBaseConfiguration$JpaWebConfiguration : spring.jpa.open-in-view is enabled by default. Therefore, database queries may be performed during view rendering. Explicitly configure spring.jpa.open-in-view to disable this warning
2020-11-17 19:27:41.656  INFO macpk-wks-0172 --- [           main] o.s.s.c.ThreadPoolTaskExecutor           : Initializing ExecutorService 'clientInboundChannelExecutor'
2020-11-17 19:27:41.687  INFO macpk-wks-0172 --- [           main] o.s.s.c.ThreadPoolTaskExecutor           : Initializing ExecutorService 'clientOutboundChannelExecutor'
2020-11-17 19:27:41.742  INFO macpk-wks-0172 --- [           main] o.s.s.c.ThreadPoolTaskScheduler          : Initializing ExecutorService 'messageBrokerTaskScheduler'
2020-11-17 19:27:42.258  INFO macpk-wks-0172 --- [           main] pertySourcedRequestMappingHandlerMapping : Mapped URL path [/v2/api-docs] onto method [springfox.documentation.swagger2.web.Swagger2Controller#getDocumentation(String, HttpServletRequest)]
2020-11-17 19:27:42.569  INFO macpk-wks-0172 --- [           main] o.s.s.w.DefaultSecurityFilterChain       : Creating filter chain: any request, [org.springframework.security.web.context.request.async.WebAsyncManagerIntegrationFilter@795131d6, org.springframework.security.web.context.SecurityContextPersistenceFilter@34e68840, org.springframework.security.web.header.HeaderWriterFilter@7cf66cf9, org.springframework.web.filter.CorsFilter@7d7a8d23, org.springframework.security.web.authentication.logout.LogoutFilter@a97a895, com.barco.common.filter.TokenAuthenticationFilter@1870b9b8, org.springframework.security.web.savedrequest.RequestCacheAwareFilter@5b0835cb, org.springframework.security.web.servletapi.SecurityContextHolderAwareRequestFilter@6493f780, org.springframework.security.web.authentication.AnonymousAuthenticationFilter@3acc65f0, org.springframework.security.web.session.SessionManagementFilter@6e617c0e, org.springframework.security.web.access.ExceptionTranslationFilter@6fbcc078, org.springframework.security.web.access.intercept.FilterSecurityInterceptor@1bbc1b90]
2020-11-17 19:27:42.609  INFO macpk-wks-0172 --- [           main] c.b.a.c.WebSocketClientConfig            : >============WebSocketClient==============<
2020-11-17 19:27:42.700  INFO macpk-wks-0172 --- [           main] c.b.a.c.WebSocketClientConfig            : >============WebSocketStompClient==============<
2020-11-17 19:27:42.729  INFO macpk-wks-0172 --- [           main] o.s.s.c.ThreadPoolTaskExecutor           : Initializing ExecutorService 'brokerChannelExecutor'
2020-11-17 19:27:42.878  INFO macpk-wks-0172 --- [           main] c.b.c.c.CommonConfig                     : +================RestTemplate-Start====================+
2020-11-17 19:27:43.198  INFO macpk-wks-0172 --- [           main] c.b.c.c.CommonConfig                     : +================RestTemplate-End====================+
2020-11-17 19:27:43.226  INFO macpk-wks-0172 --- [           main] c.b.c.m.a.e.AsyncDALTaskExecutor         : >============AsyncDALTaskExecutor Start Successful============<
2020-11-17 19:27:43.228  INFO macpk-wks-0172 --- [           main] c.b.c.m.a.e.AsyncDALTaskExecutor         : >============AsyncDALTaskExecutor End Successful============<
2020-11-17 19:27:44.242  INFO macpk-wks-0172 --- [           main] d.s.w.p.DocumentationPluginsBootstrapper : Context refreshed
2020-11-17 19:27:44.293  INFO macpk-wks-0172 --- [           main] d.s.w.p.DocumentationPluginsBootstrapper : Found 1 custom documentation plugin(s)
2020-11-17 19:27:44.366  INFO macpk-wks-0172 --- [           main] s.d.s.w.s.ApiListingReferenceScanner     : Scanning for api listing references
2020-11-17 19:27:44.766  INFO macpk-wks-0172 --- [           main] .d.s.w.r.o.CachingOperationNameGenerator : Generating unique operation named: statusChangeUsingPOST_1
2020-11-17 19:27:44.790  INFO macpk-wks-0172 --- [           main] .d.s.w.r.o.CachingOperationNameGenerator : Generating unique operation named: statusChangeUsingPOST_2
2020-11-17 19:27:44.817  INFO macpk-wks-0172 --- [           main] o.s.m.s.b.SimpleBrokerMessageHandler     : Starting...
2020-11-17 19:27:44.818  INFO macpk-wks-0172 --- [           main] o.s.m.s.b.SimpleBrokerMessageHandler     : BrokerAvailabilityEvent[available=true, SimpleBrokerMessageHandler [DefaultSubscriptionRegistry[cache[0 destination(s)], registry[0 sessions]]]]
2020-11-17 19:27:44.819  INFO macpk-wks-0172 --- [           main] o.s.m.s.b.SimpleBrokerMessageHandler     : Started.
2020-11-17 19:27:44.820  INFO macpk-wks-0172 --- [           main] DeferredRepositoryInitializationListener : Triggering deferred initialization of Spring Data repositories…
2020-11-17 19:27:45.956  INFO macpk-wks-0172 --- [           main] DeferredRepositoryInitializationListener : Spring Data repositories initialized!
2020-11-17 19:27:45.983  INFO macpk-wks-0172 --- [           main] c.b.a.AdminApiApplicationTests           : Started AdminApiApplicationTests in 14.267 seconds (JVM running for 17.658)
2020-11-17 19:27:46.663  INFO macpk-wks-0172 --- [extShutdownHook] o.s.m.s.b.SimpleBrokerMessageHandler     : Stopping...
2020-11-17 19:27:46.663  INFO macpk-wks-0172 --- [extShutdownHook] o.s.m.s.b.SimpleBrokerMessageHandler     : BrokerAvailabilityEvent[available=false, SimpleBrokerMessageHandler [DefaultSubscriptionRegistry[cache[0 destination(s)], registry[0 sessions]]]]
2020-11-17 19:27:46.663  INFO macpk-wks-0172 --- [extShutdownHook] o.s.m.s.b.SimpleBrokerMessageHandler     : Stopped.
2020-11-17 19:27:46.670  INFO macpk-wks-0172 --- [extShutdownHook] o.s.s.c.ThreadPoolTaskExecutor           : Shutting down ExecutorService 'brokerChannelExecutor'
2020-11-17 19:27:46.672  INFO macpk-wks-0172 --- [extShutdownHook] o.s.s.c.ThreadPoolTaskScheduler          : Shutting down ExecutorService 'messageBrokerTaskScheduler'
2020-11-17 19:27:46.673  INFO macpk-wks-0172 --- [extShutdownHook] o.s.s.c.ThreadPoolTaskExecutor           : Shutting down ExecutorService 'clientOutboundChannelExecutor'
2020-11-17 19:27:46.673  INFO macpk-wks-0172 --- [extShutdownHook] o.s.s.c.ThreadPoolTaskExecutor           : Shutting down ExecutorService 'clientInboundChannelExecutor'
2020-11-17 19:27:46.678  INFO macpk-wks-0172 --- [extShutdownHook] j.LocalContainerEntityManagerFactoryBean : Closing JPA EntityManagerFactory for persistence unit 'default'
2020-11-17 19:27:46.683  INFO macpk-wks-0172 --- [extShutdownHook] c.z.h.HikariDataSource                   : HikariPool-1 - Shutdown initiated...
2020-11-17 19:27:46.698  INFO macpk-wks-0172 --- [extShutdownHook] c.z.h.HikariDataSource                   : HikariPool-1 - Shutdown completed.
2020-11-17 09:28:25.225  INFO macpk-wks-0172 --- [        Timer-0] c.b.c.m.a.e.AsyncDALTaskExecutor         : AsyncDAL Active No Threads: 0 Core no of Threads: 20 Current no of threads: 0 Current Queue Size: 0 Max allowed Threads: 50
2020-11-17 09:29:25.227  INFO macpk-wks-0172 --- [        Timer-0] c.b.c.m.a.e.AsyncDALTaskExecutor         : AsyncDAL Active No Threads: 0 Core no of Threads: 20 Current no of threads: 0 Current Queue Size: 0 Max allowed Threads: 50
2020-11-17 09:30:25.228  INFO macpk-wks-0172 --- [        Timer-0] c.b.c.m.a.e.AsyncDALTaskExecutor         : AsyncDAL Active No Threads: 0 Core no of Threads: 20 Current no of threads: 0 Current Queue Size: 0 Max allowed Threads: 50
2020-11-17 09:31:25.228  INFO macpk-wks-0172 --- [        Timer-0] c.b.c.m.a.e.AsyncDALTaskExecutor         : AsyncDAL Active No Threads: 0 Core no of Threads: 20 Current no of threads: 0 Current Queue Size: 0 Max allowed Threads: 50
2020-11-17 09:32:25.229  INFO macpk-wks-0172 --- [        Timer-0] c.b.c.m.a.e.AsyncDALTaskExecutor         : AsyncDAL Active No Threads: 0 Core no of Threads: 20 Current no of threads: 0 Current Queue Size: 0 Max allowed Threads: 50
2020-11-17 09:33:25.229  INFO macpk-wks-0172 --- [        Timer-0] c.b.c.m.a.e.AsyncDALTaskExecutor         : AsyncDAL Active No Threads: 0 Core no of Threads: 20 Current no of threads: 0 Current Queue Size: 0 Max allowed Threads: 50
2020-11-17 09:34:25.230  INFO macpk-wks-0172 --- [        Timer-0] c.b.c.m.a.e.AsyncDALTaskExecutor         : AsyncDAL Active No Threads: 0 Core no of Threads: 20 Current no of threads: 0 Current Queue Size: 0 Max allowed Threads: 50
2020-11-17 09:35:25.231  INFO macpk-wks-0172 --- [        Timer-0] c.b.c.m.a.e.AsyncDALTaskExecutor         : AsyncDAL Active No Threads: 0 Core no of Threads: 20 Current no of threads: 0 Current Queue Size: 0 Max allowed Threads: 50
2020-11-17 09:36:25.231  INFO macpk-wks-0172 --- [        Timer-0] c.b.c.m.a.e.AsyncDALTaskExecutor         : AsyncDAL Active No Threads: 0 Core no of Threads: 20 Current no of threads: 0 Current Queue Size: 0 Max allowed Threads: 50
2020-11-17 09:37:25.232  INFO macpk-wks-0172 --- [        Timer-0] c.b.c.m.a.e.AsyncDALTaskExecutor         : AsyncDAL Active No Threads: 0 Core no of Threads: 20 Current no of threads: 0 Current Queue Size: 0 Max allowed Threads: 50
2020-11-17 09:38:25.232  INFO macpk-wks-0172 --- [        Timer-0] c.b.c.m.a.e.AsyncDALTaskExecutor         : AsyncDAL Active No Threads: 0 Core no of Threads: 20 Current no of threads: 0 Current Queue Size: 0 Max allowed Threads: 50
2020-11-17 09:39:25.232  INFO macpk-wks-0172 --- [        Timer-0] c.b.c.m.a.e.AsyncDALTaskExecutor         : AsyncDAL Active No Threads: 0 Core no of Threads: 20 Current no of threads: 0 Current Queue Size: 0 Max allowed Threads: 50
2020-11-17 09:40:25.233  INFO macpk-wks-0172 --- [        Timer-0] c.b.c.m.a.e.AsyncDALTaskExecutor         : AsyncDAL Active No Threads: 0 Core no of Threads: 20 Current no of threads: 0 Current Queue Size: 0 Max allowed Threads: 50
2020-11-17 09:41:25.234  INFO macpk-wks-0172 --- [        Timer-0] c.b.c.m.a.e.AsyncDALTaskExecutor         : AsyncDAL Active No Threads: 0 Core no of Threads: 20 Current no of threads: 0 Current Queue Size: 0 Max allowed Threads: 50
2020-11-17 09:42:25.234  INFO macpk-wks-0172 --- [        Timer-0] c.b.c.m.a.e.AsyncDALTaskExecutor         : AsyncDAL Active No Threads: 0 Core no of Threads: 20 Current no of threads: 0 Current Queue Size: 0 Max allowed Threads: 50
2020-11-17 09:43:25.235  INFO macpk-wks-0172 --- [        Timer-0] c.b.c.m.a.e.AsyncDALTaskExecutor         : AsyncDAL Active No Threads: 0 Core no of Threads: 20 Current no of threads: 0 Current Queue Size: 0 Max allowed Threads: 50
2020-11-17 09:44:25.235  INFO macpk-wks-0172 --- [        Timer-0] c.b.c.m.a.e.AsyncDALTaskExecutor         : AsyncDAL Active No Threads: 0 Core no of Threads: 20 Current no of threads: 0 Current Queue Size: 0 Max allowed Threads: 50
2020-11-17 09:45:25.235  INFO macpk-wks-0172 --- [        Timer-0] c.b.c.m.a.e.AsyncDALTaskExecutor         : AsyncDAL Active No Threads: 0 Core no of Threads: 20 Current no of threads: 0 Current Queue Size: 0 Max allowed Threads: 50
2020-11-17 09:46:25.288  INFO macpk-wks-0172 --- [        Timer-0] c.b.c.m.a.e.AsyncDALTaskExecutor         : AsyncDAL Active No Threads: 0 Core no of Threads: 20 Current no of threads: 0 Current Queue Size: 0 Max allowed Threads: 50
2020-11-17 10:07:09.791  WARN macpk-wks-0172 --- [l-1 housekeeper] c.z.h.p.HikariPool                       : HikariPool-1 - Thread starvation or clock leap detected (housekeeper delta=20m45s954ms447µs400ns).
2020-11-17 10:07:41.222  INFO macpk-wks-0172 --- [        Timer-0] c.b.c.m.a.e.AsyncDALTaskExecutor         : AsyncDAL Active No Threads: 0 Core no of Threads: 20 Current no of threads: 0 Current Queue Size: 0 Max allowed Threads: 50
2020-11-17 10:08:41.222  INFO macpk-wks-0172 --- [        Timer-0] c.b.c.m.a.e.AsyncDALTaskExecutor         : AsyncDAL Active No Threads: 0 Core no of Threads: 20 Current no of threads: 0 Current Queue Size: 0 Max allowed Threads: 50
2020-11-17 10:09:41.222  INFO macpk-wks-0172 --- [        Timer-0] c.b.c.m.a.e.AsyncDALTaskExecutor         : AsyncDAL Active No Threads: 0 Core no of Threads: 20 Current no of threads: 0 Current Queue Size: 0 Max allowed Threads: 50
2020-11-17 10:10:41.223  INFO macpk-wks-0172 --- [        Timer-0] c.b.c.m.a.e.AsyncDALTaskExecutor         : AsyncDAL Active No Threads: 0 Core no of Threads: 20 Current no of threads: 0 Current Queue Size: 0 Max allowed Threads: 50
2020-11-17 10:11:41.224  INFO macpk-wks-0172 --- [        Timer-0] c.b.c.m.a.e.AsyncDALTaskExecutor         : AsyncDAL Active No Threads: 0 Core no of Threads: 20 Current no of threads: 0 Current Queue Size: 0 Max allowed Threads: 50
2020-11-17 10:12:41.225  INFO macpk-wks-0172 --- [        Timer-0] c.b.c.m.a.e.AsyncDALTaskExecutor         : AsyncDAL Active No Threads: 0 Core no of Threads: 20 Current no of threads: 0 Current Queue Size: 0 Max allowed Threads: 50
2020-11-17 10:13:40.915  INFO macpk-wks-0172 --- [MessageBroker-1] o.s.w.s.c.WebSocketMessageBrokerStats    : WebSocketSession[0 current WS(0)-HttpStream(0)-HttpPoll(0), 0 total, 0 closed abnormally (0 connect failure, 0 send limit, 0 transport error)], stompSubProtocol[processed CONNECT(0)-CONNECTED(0)-DISCONNECT(0)], stompBrokerRelay[null], inboundChannel[pool size = 0, active threads = 0, queued tasks = 0, completed tasks = 0], outboundChannel[pool size = 0, active threads = 0, queued tasks = 0, completed tasks = 0], sockJsScheduler[pool size = 2, active threads = 1, queued tasks = 0, completed tasks = 1]
2020-11-17 10:13:41.225  INFO macpk-wks-0172 --- [        Timer-0] c.b.c.m.a.e.AsyncDALTaskExecutor         : AsyncDAL Active No Threads: 0 Core no of Threads: 20 Current no of threads: 0 Current Queue Size: 0 Max allowed Threads: 50
2020-11-17 10:14:41.226  INFO macpk-wks-0172 --- [        Timer-0] c.b.c.m.a.e.AsyncDALTaskExecutor         : AsyncDAL Active No Threads: 0 Core no of Threads: 20 Current no of threads: 0 Current Queue Size: 0 Max allowed Threads: 50
2020-11-17 10:15:41.226  INFO macpk-wks-0172 --- [        Timer-0] c.b.c.m.a.e.AsyncDALTaskExecutor         : AsyncDAL Active No Threads: 0 Core no of Threads: 20 Current no of threads: 0 Current Queue Size: 0 Max allowed Threads: 50
2020-11-17 10:16:41.227  INFO macpk-wks-0172 --- [        Timer-0] c.b.c.m.a.e.AsyncDALTaskExecutor         : AsyncDAL Active No Threads: 0 Core no of Threads: 20 Current no of threads: 0 Current Queue Size: 0 Max allowed Threads: 50
2020-11-17 10:17:41.227  INFO macpk-wks-0172 --- [        Timer-0] c.b.c.m.a.e.AsyncDALTaskExecutor         : AsyncDAL Active No Threads: 0 Core no of Threads: 20 Current no of threads: 0 Current Queue Size: 0 Max allowed Threads: 50
2020-11-17 10:18:41.227  INFO macpk-wks-0172 --- [        Timer-0] c.b.c.m.a.e.AsyncDALTaskExecutor         : AsyncDAL Active No Threads: 0 Core no of Threads: 20 Current no of threads: 0 Current Queue Size: 0 Max allowed Threads: 50
2020-11-17 10:19:41.228  INFO macpk-wks-0172 --- [        Timer-0] c.b.c.m.a.e.AsyncDALTaskExecutor         : AsyncDAL Active No Threads: 0 Core no of Threads: 20 Current no of threads: 0 Current Queue Size: 0 Max allowed Threads: 50
2020-11-17 10:20:41.228  INFO macpk-wks-0172 --- [        Timer-0] c.b.c.m.a.e.AsyncDALTaskExecutor         : AsyncDAL Active No Threads: 0 Core no of Threads: 20 Current no of threads: 0 Current Queue Size: 0 Max allowed Threads: 50
2020-11-17 10:21:41.229  INFO macpk-wks-0172 --- [        Timer-0] c.b.c.m.a.e.AsyncDALTaskExecutor         : AsyncDAL Active No Threads: 0 Core no of Threads: 20 Current no of threads: 0 Current Queue Size: 0 Max allowed Threads: 50
2020-11-17 10:22:41.230  INFO macpk-wks-0172 --- [        Timer-0] c.b.c.m.a.e.AsyncDALTaskExecutor         : AsyncDAL Active No Threads: 0 Core no of Threads: 20 Current no of threads: 0 Current Queue Size: 0 Max allowed Threads: 50
2020-11-17 10:23:41.231  INFO macpk-wks-0172 --- [        Timer-0] c.b.c.m.a.e.AsyncDALTaskExecutor         : AsyncDAL Active No Threads: 0 Core no of Threads: 20 Current no of threads: 0 Current Queue Size: 0 Max allowed Threads: 50
2020-11-17 10:24:41.232  INFO macpk-wks-0172 --- [        Timer-0] c.b.c.m.a.e.AsyncDALTaskExecutor         : AsyncDAL Active No Threads: 0 Core no of Threads: 20 Current no of threads: 0 Current Queue Size: 0 Max allowed Threads: 50
2020-11-17 10:25:41.232  INFO macpk-wks-0172 --- [        Timer-0] c.b.c.m.a.e.AsyncDALTaskExecutor         : AsyncDAL Active No Threads: 0 Core no of Threads: 20 Current no of threads: 0 Current Queue Size: 0 Max allowed Threads: 50
2020-11-17 10:26:41.233  INFO macpk-wks-0172 --- [        Timer-0] c.b.c.m.a.e.AsyncDALTaskExecutor         : AsyncDAL Active No Threads: 0 Core no of Threads: 20 Current no of threads: 0 Current Queue Size: 0 Max allowed Threads: 50
2020-11-17 10:27:41.234  INFO macpk-wks-0172 --- [        Timer-0] c.b.c.m.a.e.AsyncDALTaskExecutor         : AsyncDAL Active No Threads: 0 Core no of Threads: 20 Current no of threads: 0 Current Queue Size: 0 Max allowed Threads: 50
2020-11-17 10:28:41.234  INFO macpk-wks-0172 --- [        Timer-0] c.b.c.m.a.e.AsyncDALTaskExecutor         : AsyncDAL Active No Threads: 0 Core no of Threads: 20 Current no of threads: 0 Current Queue Size: 0 Max allowed Threads: 50
2020-11-17 10:29:41.234  INFO macpk-wks-0172 --- [        Timer-0] c.b.c.m.a.e.AsyncDALTaskExecutor         : AsyncDAL Active No Threads: 0 Core no of Threads: 20 Current no of threads: 0 Current Queue Size: 0 Max allowed Threads: 50
2020-11-17 10:30:41.235  INFO macpk-wks-0172 --- [        Timer-0] c.b.c.m.a.e.AsyncDALTaskExecutor         : AsyncDAL Active No Threads: 0 Core no of Threads: 20 Current no of threads: 0 Current Queue Size: 0 Max allowed Threads: 50
2020-11-17 10:31:41.235  INFO macpk-wks-0172 --- [        Timer-0] c.b.c.m.a.e.AsyncDALTaskExecutor         : AsyncDAL Active No Threads: 0 Core no of Threads: 20 Current no of threads: 0 Current Queue Size: 0 Max allowed Threads: 50
2020-11-17 10:32:41.236  INFO macpk-wks-0172 --- [        Timer-0] c.b.c.m.a.e.AsyncDALTaskExecutor         : AsyncDAL Active No Threads: 0 Core no of Threads: 20 Current no of threads: 0 Current Queue Size: 0 Max allowed Threads: 50
2020-11-17 10:33:41.236  INFO macpk-wks-0172 --- [        Timer-0] c.b.c.m.a.e.AsyncDALTaskExecutor         : AsyncDAL Active No Threads: 0 Core no of Threads: 20 Current no of threads: 0 Current Queue Size: 0 Max allowed Threads: 50
2020-11-17 10:34:41.237  INFO macpk-wks-0172 --- [        Timer-0] c.b.c.m.a.e.AsyncDALTaskExecutor         : AsyncDAL Active No Threads: 0 Core no of Threads: 20 Current no of threads: 0 Current Queue Size: 0 Max allowed Threads: 50
2020-11-17 10:35:41.237  INFO macpk-wks-0172 --- [        Timer-0] c.b.c.m.a.e.AsyncDALTaskExecutor         : AsyncDAL Active No Threads: 0 Core no of Threads: 20 Current no of threads: 0 Current Queue Size: 0 Max allowed Threads: 50
2020-11-17 10:36:41.237  INFO macpk-wks-0172 --- [        Timer-0] c.b.c.m.a.e.AsyncDALTaskExecutor         : AsyncDAL Active No Threads: 0 Core no of Threads: 20 Current no of threads: 0 Current Queue Size: 0 Max allowed Threads: 50
2020-11-17 10:37:41.238  INFO macpk-wks-0172 --- [        Timer-0] c.b.c.m.a.e.AsyncDALTaskExecutor         : AsyncDAL Active No Threads: 0 Core no of Threads: 20 Current no of threads: 0 Current Queue Size: 0 Max allowed Threads: 50
2020-11-17 10:38:41.239  INFO macpk-wks-0172 --- [        Timer-0] c.b.c.m.a.e.AsyncDALTaskExecutor         : AsyncDAL Active No Threads: 0 Core no of Threads: 20 Current no of threads: 0 Current Queue Size: 0 Max allowed Threads: 50
2020-11-17 10:39:41.239  INFO macpk-wks-0172 --- [        Timer-0] c.b.c.m.a.e.AsyncDALTaskExecutor         : AsyncDAL Active No Threads: 0 Core no of Threads: 20 Current no of threads: 0 Current Queue Size: 0 Max allowed Threads: 50
2020-11-17 10:40:41.239  INFO macpk-wks-0172 --- [        Timer-0] c.b.c.m.a.e.AsyncDALTaskExecutor         : AsyncDAL Active No Threads: 0 Core no of Threads: 20 Current no of threads: 0 Current Queue Size: 0 Max allowed Threads: 50
2020-11-17 10:41:41.239  INFO macpk-wks-0172 --- [        Timer-0] c.b.c.m.a.e.AsyncDALTaskExecutor         : AsyncDAL Active No Threads: 0 Core no of Threads: 20 Current no of threads: 0 Current Queue Size: 0 Max allowed Threads: 50
2020-11-17 10:42:41.240  INFO macpk-wks-0172 --- [        Timer-0] c.b.c.m.a.e.AsyncDALTaskExecutor         : AsyncDAL Active No Threads: 0 Core no of Threads: 20 Current no of threads: 0 Current Queue Size: 0 Max allowed Threads: 50
2020-11-17 10:43:40.917  INFO macpk-wks-0172 --- [MessageBroker-2] o.s.w.s.c.WebSocketMessageBrokerStats    : WebSocketSession[0 current WS(0)-HttpStream(0)-HttpPoll(0), 0 total, 0 closed abnormally (0 connect failure, 0 send limit, 0 transport error)], stompSubProtocol[processed CONNECT(0)-CONNECTED(0)-DISCONNECT(0)], stompBrokerRelay[null], inboundChannel[pool size = 0, active threads = 0, queued tasks = 0, completed tasks = 0], outboundChannel[pool size = 0, active threads = 0, queued tasks = 0, completed tasks = 0], sockJsScheduler[pool size = 3, active threads = 1, queued tasks = 0, completed tasks = 2]
2020-11-17 10:43:41.240  INFO macpk-wks-0172 --- [        Timer-0] c.b.c.m.a.e.AsyncDALTaskExecutor         : AsyncDAL Active No Threads: 0 Core no of Threads: 20 Current no of threads: 0 Current Queue Size: 0 Max allowed Threads: 50
2020-11-17 10:44:41.241  INFO macpk-wks-0172 --- [        Timer-0] c.b.c.m.a.e.AsyncDALTaskExecutor         : AsyncDAL Active No Threads: 0 Core no of Threads: 20 Current no of threads: 0 Current Queue Size: 0 Max allowed Threads: 50
2020-11-17 10:45:41.241  INFO macpk-wks-0172 --- [        Timer-0] c.b.c.m.a.e.AsyncDALTaskExecutor         : AsyncDAL Active No Threads: 0 Core no of Threads: 20 Current no of threads: 0 Current Queue Size: 0 Max allowed Threads: 50
2020-11-17 10:46:41.242  INFO macpk-wks-0172 --- [        Timer-0] c.b.c.m.a.e.AsyncDALTaskExecutor         : AsyncDAL Active No Threads: 0 Core no of Threads: 20 Current no of threads: 0 Current Queue Size: 0 Max allowed Threads: 50
2020-11-17 10:47:41.243  INFO macpk-wks-0172 --- [        Timer-0] c.b.c.m.a.e.AsyncDALTaskExecutor         : AsyncDAL Active No Threads: 0 Core no of Threads: 20 Current no of threads: 0 Current Queue Size: 0 Max allowed Threads: 50
2020-11-17 10:48:41.243  INFO macpk-wks-0172 --- [        Timer-0] c.b.c.m.a.e.AsyncDALTaskExecutor         : AsyncDAL Active No Threads: 0 Core no of Threads: 20 Current no of threads: 0 Current Queue Size: 0 Max allowed Threads: 50
2020-11-17 10:49:41.244  INFO macpk-wks-0172 --- [        Timer-0] c.b.c.m.a.e.AsyncDALTaskExecutor         : AsyncDAL Active No Threads: 0 Core no of Threads: 20 Current no of threads: 0 Current Queue Size: 0 Max allowed Threads: 50
2020-11-17 10:50:41.244  INFO macpk-wks-0172 --- [        Timer-0] c.b.c.m.a.e.AsyncDALTaskExecutor         : AsyncDAL Active No Threads: 0 Core no of Threads: 20 Current no of threads: 0 Current Queue Size: 0 Max allowed Threads: 50
2020-11-17 10:51:41.244  INFO macpk-wks-0172 --- [        Timer-0] c.b.c.m.a.e.AsyncDALTaskExecutor         : AsyncDAL Active No Threads: 0 Core no of Threads: 20 Current no of threads: 0 Current Queue Size: 0 Max allowed Threads: 50
2020-11-17 10:52:41.245  INFO macpk-wks-0172 --- [        Timer-0] c.b.c.m.a.e.AsyncDALTaskExecutor         : AsyncDAL Active No Threads: 0 Core no of Threads: 20 Current no of threads: 0 Current Queue Size: 0 Max allowed Threads: 50
2020-11-17 10:53:41.245  INFO macpk-wks-0172 --- [        Timer-0] c.b.c.m.a.e.AsyncDALTaskExecutor         : AsyncDAL Active No Threads: 0 Core no of Threads: 20 Current no of threads: 0 Current Queue Size: 0 Max allowed Threads: 50
2020-11-17 10:54:41.246  INFO macpk-wks-0172 --- [        Timer-0] c.b.c.m.a.e.AsyncDALTaskExecutor         : AsyncDAL Active No Threads: 0 Core no of Threads: 20 Current no of threads: 0 Current Queue Size: 0 Max allowed Threads: 50
2020-11-17 10:55:41.247  INFO macpk-wks-0172 --- [        Timer-0] c.b.c.m.a.e.AsyncDALTaskExecutor         : AsyncDAL Active No Threads: 0 Core no of Threads: 20 Current no of threads: 0 Current Queue Size: 0 Max allowed Threads: 50
2020-11-17 10:56:41.247  INFO macpk-wks-0172 --- [        Timer-0] c.b.c.m.a.e.AsyncDALTaskExecutor         : AsyncDAL Active No Threads: 0 Core no of Threads: 20 Current no of threads: 0 Current Queue Size: 0 Max allowed Threads: 50
2020-11-17 10:57:41.247  INFO macpk-wks-0172 --- [        Timer-0] c.b.c.m.a.e.AsyncDALTaskExecutor         : AsyncDAL Active No Threads: 0 Core no of Threads: 20 Current no of threads: 0 Current Queue Size: 0 Max allowed Threads: 50
2020-11-17 10:58:41.248  INFO macpk-wks-0172 --- [        Timer-0] c.b.c.m.a.e.AsyncDALTaskExecutor         : AsyncDAL Active No Threads: 0 Core no of Threads: 20 Current no of threads: 0 Current Queue Size: 0 Max allowed Threads: 50
2020-11-17 10:59:41.249  INFO macpk-wks-0172 --- [        Timer-0] c.b.c.m.a.e.AsyncDALTaskExecutor         : AsyncDAL Active No Threads: 0 Core no of Threads: 20 Current no of threads: 0 Current Queue Size: 0 Max allowed Threads: 50
2020-11-17 11:00:41.249  INFO macpk-wks-0172 --- [        Timer-0] c.b.c.m.a.e.AsyncDALTaskExecutor         : AsyncDAL Active No Threads: 0 Core no of Threads: 20 Current no of threads: 0 Current Queue Size: 0 Max allowed Threads: 50
2020-11-17 11:01:41.250  INFO macpk-wks-0172 --- [        Timer-0] c.b.c.m.a.e.AsyncDALTaskExecutor         : AsyncDAL Active No Threads: 0 Core no of Threads: 20 Current no of threads: 0 Current Queue Size: 0 Max allowed Threads: 50
2020-11-17 11:02:41.251  INFO macpk-wks-0172 --- [        Timer-0] c.b.c.m.a.e.AsyncDALTaskExecutor         : AsyncDAL Active No Threads: 0 Core no of Threads: 20 Current no of threads: 0 Current Queue Size: 0 Max allowed Threads: 50
2020-11-17 11:03:41.251  INFO macpk-wks-0172 --- [        Timer-0] c.b.c.m.a.e.AsyncDALTaskExecutor         : AsyncDAL Active No Threads: 0 Core no of Threads: 20 Current no of threads: 0 Current Queue Size: 0 Max allowed Threads: 50
2020-11-17 11:04:41.251  INFO macpk-wks-0172 --- [        Timer-0] c.b.c.m.a.e.AsyncDALTaskExecutor         : AsyncDAL Active No Threads: 0 Core no of Threads: 20 Current no of threads: 0 Current Queue Size: 0 Max allowed Threads: 50
2020-11-17 11:05:41.251  INFO macpk-wks-0172 --- [        Timer-0] c.b.c.m.a.e.AsyncDALTaskExecutor         : AsyncDAL Active No Threads: 0 Core no of Threads: 20 Current no of threads: 0 Current Queue Size: 0 Max allowed Threads: 50
2020-11-17 11:06:41.252  INFO macpk-wks-0172 --- [        Timer-0] c.b.c.m.a.e.AsyncDALTaskExecutor         : AsyncDAL Active No Threads: 0 Core no of Threads: 20 Current no of threads: 0 Current Queue Size: 0 Max allowed Threads: 50
2020-11-17 11:07:41.252  INFO macpk-wks-0172 --- [        Timer-0] c.b.c.m.a.e.AsyncDALTaskExecutor         : AsyncDAL Active No Threads: 0 Core no of Threads: 20 Current no of threads: 0 Current Queue Size: 0 Max allowed Threads: 50
2020-11-17 11:08:41.253  INFO macpk-wks-0172 --- [        Timer-0] c.b.c.m.a.e.AsyncDALTaskExecutor         : AsyncDAL Active No Threads: 0 Core no of Threads: 20 Current no of threads: 0 Current Queue Size: 0 Max allowed Threads: 50
2020-11-17 11:09:41.254  INFO macpk-wks-0172 --- [        Timer-0] c.b.c.m.a.e.AsyncDALTaskExecutor         : AsyncDAL Active No Threads: 0 Core no of Threads: 20 Current no of threads: 0 Current Queue Size: 0 Max allowed Threads: 50
2020-11-17 11:10:41.255  INFO macpk-wks-0172 --- [        Timer-0] c.b.c.m.a.e.AsyncDALTaskExecutor         : AsyncDAL Active No Threads: 0 Core no of Threads: 20 Current no of threads: 0 Current Queue Size: 0 Max allowed Threads: 50
2020-11-17 11:11:41.255  INFO macpk-wks-0172 --- [        Timer-0] c.b.c.m.a.e.AsyncDALTaskExecutor         : AsyncDAL Active No Threads: 0 Core no of Threads: 20 Current no of threads: 0 Current Queue Size: 0 Max allowed Threads: 50
2020-11-17 11:12:41.332  INFO macpk-wks-0172 --- [        Timer-0] c.b.c.m.a.e.AsyncDALTaskExecutor         : AsyncDAL Active No Threads: 0 Core no of Threads: 20 Current no of threads: 0 Current Queue Size: 0 Max allowed Threads: 50
2020-11-17 11:13:41.109  INFO macpk-wks-0172 --- [MessageBroker-1] o.s.w.s.c.WebSocketMessageBrokerStats    : WebSocketSession[0 current WS(0)-HttpStream(0)-HttpPoll(0), 0 total, 0 closed abnormally (0 connect failure, 0 send limit, 0 transport error)], stompSubProtocol[processed CONNECT(0)-CONNECTED(0)-DISCONNECT(0)], stompBrokerRelay[null], inboundChannel[pool size = 0, active threads = 0, queued tasks = 0, completed tasks = 0], outboundChannel[pool size = 0, active threads = 0, queued tasks = 0, completed tasks = 0], sockJsScheduler[pool size = 4, active threads = 1, queued tasks = 0, completed tasks = 3]
2020-11-17 11:13:41.447  INFO macpk-wks-0172 --- [        Timer-0] c.b.c.m.a.e.AsyncDALTaskExecutor         : AsyncDAL Active No Threads: 0 Core no of Threads: 20 Current no of threads: 0 Current Queue Size: 0 Max allowed Threads: 50
2020-11-17 11:14:41.562  INFO macpk-wks-0172 --- [        Timer-0] c.b.c.m.a.e.AsyncDALTaskExecutor         : AsyncDAL Active No Threads: 0 Core no of Threads: 20 Current no of threads: 0 Current Queue Size: 0 Max allowed Threads: 50
2020-11-17 11:15:41.677  INFO macpk-wks-0172 --- [        Timer-0] c.b.c.m.a.e.AsyncDALTaskExecutor         : AsyncDAL Active No Threads: 0 Core no of Threads: 20 Current no of threads: 0 Current Queue Size: 0 Max allowed Threads: 50
2020-11-17 11:16:41.791  INFO macpk-wks-0172 --- [        Timer-0] c.b.c.m.a.e.AsyncDALTaskExecutor         : AsyncDAL Active No Threads: 0 Core no of Threads: 20 Current no of threads: 0 Current Queue Size: 0 Max allowed Threads: 50
2020-11-17 11:17:41.829  INFO macpk-wks-0172 --- [        Timer-0] c.b.c.m.a.e.AsyncDALTaskExecutor         : AsyncDAL Active No Threads: 0 Core no of Threads: 20 Current no of threads: 0 Current Queue Size: 0 Max allowed Threads: 50
2020-11-17 11:18:41.830  INFO macpk-wks-0172 --- [        Timer-0] c.b.c.m.a.e.AsyncDALTaskExecutor         : AsyncDAL Active No Threads: 0 Core no of Threads: 20 Current no of threads: 0 Current Queue Size: 0 Max allowed Threads: 50
2020-11-17 11:19:41.830  INFO macpk-wks-0172 --- [        Timer-0] c.b.c.m.a.e.AsyncDALTaskExecutor         : AsyncDAL Active No Threads: 0 Core no of Threads: 20 Current no of threads: 0 Current Queue Size: 0 Max allowed Threads: 50
2020-11-17 11:20:41.831  INFO macpk-wks-0172 --- [        Timer-0] c.b.c.m.a.e.AsyncDALTaskExecutor         : AsyncDAL Active No Threads: 0 Core no of Threads: 20 Current no of threads: 0 Current Queue Size: 0 Max allowed Threads: 50
2020-11-17 11:21:41.832  INFO macpk-wks-0172 --- [        Timer-0] c.b.c.m.a.e.AsyncDALTaskExecutor         : AsyncDAL Active No Threads: 0 Core no of Threads: 20 Current no of threads: 0 Current Queue Size: 0 Max allowed Threads: 50
2020-11-17 11:22:41.832  INFO macpk-wks-0172 --- [        Timer-0] c.b.c.m.a.e.AsyncDALTaskExecutor         : AsyncDAL Active No Threads: 0 Core no of Threads: 20 Current no of threads: 0 Current Queue Size: 0 Max allowed Threads: 50
2020-11-17 11:23:41.832  INFO macpk-wks-0172 --- [        Timer-0] c.b.c.m.a.e.AsyncDALTaskExecutor         : AsyncDAL Active No Threads: 0 Core no of Threads: 20 Current no of threads: 0 Current Queue Size: 0 Max allowed Threads: 50
2020-11-17 11:24:41.833  INFO macpk-wks-0172 --- [        Timer-0] c.b.c.m.a.e.AsyncDALTaskExecutor         : AsyncDAL Active No Threads: 0 Core no of Threads: 20 Current no of threads: 0 Current Queue Size: 0 Max allowed Threads: 50
2020-11-17 11:25:41.833  INFO macpk-wks-0172 --- [        Timer-0] c.b.c.m.a.e.AsyncDALTaskExecutor         : AsyncDAL Active No Threads: 0 Core no of Threads: 20 Current no of threads: 0 Current Queue Size: 0 Max allowed Threads: 50
2020-11-17 11:26:41.834  INFO macpk-wks-0172 --- [        Timer-0] c.b.c.m.a.e.AsyncDALTaskExecutor         : AsyncDAL Active No Threads: 0 Core no of Threads: 20 Current no of threads: 0 Current Queue Size: 0 Max allowed Threads: 50
2020-11-17 11:27:41.835  INFO macpk-wks-0172 --- [        Timer-0] c.b.c.m.a.e.AsyncDALTaskExecutor         : AsyncDAL Active No Threads: 0 Core no of Threads: 20 Current no of threads: 0 Current Queue Size: 0 Max allowed Threads: 50
2020-11-17 11:28:41.835  INFO macpk-wks-0172 --- [        Timer-0] c.b.c.m.a.e.AsyncDALTaskExecutor         : AsyncDAL Active No Threads: 0 Core no of Threads: 20 Current no of threads: 0 Current Queue Size: 0 Max allowed Threads: 50
2020-11-17 11:29:41.836  INFO macpk-wks-0172 --- [        Timer-0] c.b.c.m.a.e.AsyncDALTaskExecutor         : AsyncDAL Active No Threads: 0 Core no of Threads: 20 Current no of threads: 0 Current Queue Size: 0 Max allowed Threads: 50
2020-11-17 11:30:41.837  INFO macpk-wks-0172 --- [        Timer-0] c.b.c.m.a.e.AsyncDALTaskExecutor         : AsyncDAL Active No Threads: 0 Core no of Threads: 20 Current no of threads: 0 Current Queue Size: 0 Max allowed Threads: 50
2020-11-17 11:31:41.837  INFO macpk-wks-0172 --- [        Timer-0] c.b.c.m.a.e.AsyncDALTaskExecutor         : AsyncDAL Active No Threads: 0 Core no of Threads: 20 Current no of threads: 0 Current Queue Size: 0 Max allowed Threads: 50
2020-11-17 11:32:41.838  INFO macpk-wks-0172 --- [        Timer-0] c.b.c.m.a.e.AsyncDALTaskExecutor         : AsyncDAL Active No Threads: 0 Core no of Threads: 20 Current no of threads: 0 Current Queue Size: 0 Max allowed Threads: 50
2020-11-17 11:33:41.838  INFO macpk-wks-0172 --- [        Timer-0] c.b.c.m.a.e.AsyncDALTaskExecutor         : AsyncDAL Active No Threads: 0 Core no of Threads: 20 Current no of threads: 0 Current Queue Size: 0 Max allowed Threads: 50
2020-11-17 11:34:41.839  INFO macpk-wks-0172 --- [        Timer-0] c.b.c.m.a.e.AsyncDALTaskExecutor         : AsyncDAL Active No Threads: 0 Core no of Threads: 20 Current no of threads: 0 Current Queue Size: 0 Max allowed Threads: 50
2020-11-17 11:35:41.839  INFO macpk-wks-0172 --- [        Timer-0] c.b.c.m.a.e.AsyncDALTaskExecutor         : AsyncDAL Active No Threads: 0 Core no of Threads: 20 Current no of threads: 0 Current Queue Size: 0 Max allowed Threads: 50
2020-11-17 11:36:41.840  INFO macpk-wks-0172 --- [        Timer-0] c.b.c.m.a.e.AsyncDALTaskExecutor         : AsyncDAL Active No Threads: 0 Core no of Threads: 20 Current no of threads: 0 Current Queue Size: 0 Max allowed Threads: 50
2020-11-17 11:37:41.840  INFO macpk-wks-0172 --- [        Timer-0] c.b.c.m.a.e.AsyncDALTaskExecutor         : AsyncDAL Active No Threads: 0 Core no of Threads: 20 Current no of threads: 0 Current Queue Size: 0 Max allowed Threads: 50
2020-11-17 11:38:41.841  INFO macpk-wks-0172 --- [        Timer-0] c.b.c.m.a.e.AsyncDALTaskExecutor         : AsyncDAL Active No Threads: 0 Core no of Threads: 20 Current no of threads: 0 Current Queue Size: 0 Max allowed Threads: 50
2020-11-17 11:39:41.841  INFO macpk-wks-0172 --- [        Timer-0] c.b.c.m.a.e.AsyncDALTaskExecutor         : AsyncDAL Active No Threads: 0 Core no of Threads: 20 Current no of threads: 0 Current Queue Size: 0 Max allowed Threads: 50
2020-11-17 11:40:41.841  INFO macpk-wks-0172 --- [        Timer-0] c.b.c.m.a.e.AsyncDALTaskExecutor         : AsyncDAL Active No Threads: 0 Core no of Threads: 20 Current no of threads: 0 Current Queue Size: 0 Max allowed Threads: 50
2020-11-17 11:41:41.842  INFO macpk-wks-0172 --- [        Timer-0] c.b.c.m.a.e.AsyncDALTaskExecutor         : AsyncDAL Active No Threads: 0 Core no of Threads: 20 Current no of threads: 0 Current Queue Size: 0 Max allowed Threads: 50
2020-11-17 11:42:41.842  INFO macpk-wks-0172 --- [        Timer-0] c.b.c.m.a.e.AsyncDALTaskExecutor         : AsyncDAL Active No Threads: 0 Core no of Threads: 20 Current no of threads: 0 Current Queue Size: 0 Max allowed Threads: 50
2020-11-17 11:43:41.491  INFO macpk-wks-0172 --- [MessageBroker-3] o.s.w.s.c.WebSocketMessageBrokerStats    : WebSocketSession[0 current WS(0)-HttpStream(0)-HttpPoll(0), 0 total, 0 closed abnormally (0 connect failure, 0 send limit, 0 transport error)], stompSubProtocol[processed CONNECT(0)-CONNECTED(0)-DISCONNECT(0)], stompBrokerRelay[null], inboundChannel[pool size = 0, active threads = 0, queued tasks = 0, completed tasks = 0], outboundChannel[pool size = 0, active threads = 0, queued tasks = 0, completed tasks = 0], sockJsScheduler[pool size = 5, active threads = 1, queued tasks = 0, completed tasks = 4]
2020-11-17 11:43:41.843  INFO macpk-wks-0172 --- [        Timer-0] c.b.c.m.a.e.AsyncDALTaskExecutor         : AsyncDAL Active No Threads: 0 Core no of Threads: 20 Current no of threads: 0 Current Queue Size: 0 Max allowed Threads: 50
2020-11-17 11:44:41.844  INFO macpk-wks-0172 --- [        Timer-0] c.b.c.m.a.e.AsyncDALTaskExecutor         : AsyncDAL Active No Threads: 0 Core no of Threads: 20 Current no of threads: 0 Current Queue Size: 0 Max allowed Threads: 50
2020-11-17 11:45:41.844  INFO macpk-wks-0172 --- [        Timer-0] c.b.c.m.a.e.AsyncDALTaskExecutor         : AsyncDAL Active No Threads: 0 Core no of Threads: 20 Current no of threads: 0 Current Queue Size: 0 Max allowed Threads: 50
2020-11-17 12:39:34.224  WARN macpk-wks-0172 --- [l-1 housekeeper] c.z.h.p.HikariPool                       : HikariPool-1 - Thread starvation or clock leap detected (housekeeper delta=53m23s666ms848µs300ns).
2020-11-17 12:39:35.490  INFO macpk-wks-0172 --- [        Timer-0] c.b.c.m.a.e.AsyncDALTaskExecutor         : AsyncDAL Active No Threads: 0 Core no of Threads: 20 Current no of threads: 0 Current Queue Size: 0 Max allowed Threads: 50
2020-11-17 12:40:35.491  INFO macpk-wks-0172 --- [        Timer-0] c.b.c.m.a.e.AsyncDALTaskExecutor         : AsyncDAL Active No Threads: 0 Core no of Threads: 20 Current no of threads: 0 Current Queue Size: 0 Max allowed Threads: 50
2020-11-17 12:41:35.491  INFO macpk-wks-0172 --- [        Timer-0] c.b.c.m.a.e.AsyncDALTaskExecutor         : AsyncDAL Active No Threads: 0 Core no of Threads: 20 Current no of threads: 0 Current Queue Size: 0 Max allowed Threads: 50
2020-11-17 12:42:35.492  INFO macpk-wks-0172 --- [        Timer-0] c.b.c.m.a.e.AsyncDALTaskExecutor         : AsyncDAL Active No Threads: 0 Core no of Threads: 20 Current no of threads: 0 Current Queue Size: 0 Max allowed Threads: 50
2020-11-17 12:43:35.492  INFO macpk-wks-0172 --- [        Timer-0] c.b.c.m.a.e.AsyncDALTaskExecutor         : AsyncDAL Active No Threads: 0 Core no of Threads: 20 Current no of threads: 0 Current Queue Size: 0 Max allowed Threads: 50
2020-11-17 12:44:35.493  INFO macpk-wks-0172 --- [        Timer-0] c.b.c.m.a.e.AsyncDALTaskExecutor         : AsyncDAL Active No Threads: 0 Core no of Threads: 20 Current no of threads: 0 Current Queue Size: 0 Max allowed Threads: 50
2020-11-17 12:45:35.493  INFO macpk-wks-0172 --- [        Timer-0] c.b.c.m.a.e.AsyncDALTaskExecutor         : AsyncDAL Active No Threads: 0 Core no of Threads: 20 Current no of threads: 0 Current Queue Size: 0 Max allowed Threads: 50
2020-11-17 12:46:35.494  INFO macpk-wks-0172 --- [        Timer-0] c.b.c.m.a.e.AsyncDALTaskExecutor         : AsyncDAL Active No Threads: 0 Core no of Threads: 20 Current no of threads: 0 Current Queue Size: 0 Max allowed Threads: 50
2020-11-17 12:47:35.494  INFO macpk-wks-0172 --- [        Timer-0] c.b.c.m.a.e.AsyncDALTaskExecutor         : AsyncDAL Active No Threads: 0 Core no of Threads: 20 Current no of threads: 0 Current Queue Size: 0 Max allowed Threads: 50
2020-11-17 12:48:35.495  INFO macpk-wks-0172 --- [        Timer-0] c.b.c.m.a.e.AsyncDALTaskExecutor         : AsyncDAL Active No Threads: 0 Core no of Threads: 20 Current no of threads: 0 Current Queue Size: 0 Max allowed Threads: 50
2020-11-17 12:49:35.495  INFO macpk-wks-0172 --- [        Timer-0] c.b.c.m.a.e.AsyncDALTaskExecutor         : AsyncDAL Active No Threads: 0 Core no of Threads: 20 Current no of threads: 0 Current Queue Size: 0 Max allowed Threads: 50
2020-11-17 12:50:35.496  INFO macpk-wks-0172 --- [        Timer-0] c.b.c.m.a.e.AsyncDALTaskExecutor         : AsyncDAL Active No Threads: 0 Core no of Threads: 20 Current no of threads: 0 Current Queue Size: 0 Max allowed Threads: 50
2020-11-17 12:51:35.497  INFO macpk-wks-0172 --- [        Timer-0] c.b.c.m.a.e.AsyncDALTaskExecutor         : AsyncDAL Active No Threads: 0 Core no of Threads: 20 Current no of threads: 0 Current Queue Size: 0 Max allowed Threads: 50
2020-11-17 12:52:35.497  INFO macpk-wks-0172 --- [        Timer-0] c.b.c.m.a.e.AsyncDALTaskExecutor         : AsyncDAL Active No Threads: 0 Core no of Threads: 20 Current no of threads: 0 Current Queue Size: 0 Max allowed Threads: 50
2020-11-17 12:53:35.497  INFO macpk-wks-0172 --- [        Timer-0] c.b.c.m.a.e.AsyncDALTaskExecutor         : AsyncDAL Active No Threads: 0 Core no of Threads: 20 Current no of threads: 0 Current Queue Size: 0 Max allowed Threads: 50
2020-11-17 12:54:35.497  INFO macpk-wks-0172 --- [        Timer-0] c.b.c.m.a.e.AsyncDALTaskExecutor         : AsyncDAL Active No Threads: 0 Core no of Threads: 20 Current no of threads: 0 Current Queue Size: 0 Max allowed Threads: 50
2020-11-17 12:55:35.497  INFO macpk-wks-0172 --- [        Timer-0] c.b.c.m.a.e.AsyncDALTaskExecutor         : AsyncDAL Active No Threads: 0 Core no of Threads: 20 Current no of threads: 0 Current Queue Size: 0 Max allowed Threads: 50
2020-11-17 12:56:35.498  INFO macpk-wks-0172 --- [        Timer-0] c.b.c.m.a.e.AsyncDALTaskExecutor         : AsyncDAL Active No Threads: 0 Core no of Threads: 20 Current no of threads: 0 Current Queue Size: 0 Max allowed Threads: 50
2020-11-17 12:57:35.499  INFO macpk-wks-0172 --- [        Timer-0] c.b.c.m.a.e.AsyncDALTaskExecutor         : AsyncDAL Active No Threads: 0 Core no of Threads: 20 Current no of threads: 0 Current Queue Size: 0 Max allowed Threads: 50
2020-11-17 12:58:35.499  INFO macpk-wks-0172 --- [        Timer-0] c.b.c.m.a.e.AsyncDALTaskExecutor         : AsyncDAL Active No Threads: 0 Core no of Threads: 20 Current no of threads: 0 Current Queue Size: 0 Max allowed Threads: 50
2020-11-17 12:59:35.500  INFO macpk-wks-0172 --- [        Timer-0] c.b.c.m.a.e.AsyncDALTaskExecutor         : AsyncDAL Active No Threads: 0 Core no of Threads: 20 Current no of threads: 0 Current Queue Size: 0 Max allowed Threads: 50
2020-11-17 13:00:35.500  INFO macpk-wks-0172 --- [        Timer-0] c.b.c.m.a.e.AsyncDALTaskExecutor         : AsyncDAL Active No Threads: 0 Core no of Threads: 20 Current no of threads: 0 Current Queue Size: 0 Max allowed Threads: 50
2020-11-17 13:01:35.500  INFO macpk-wks-0172 --- [        Timer-0] c.b.c.m.a.e.AsyncDALTaskExecutor         : AsyncDAL Active No Threads: 0 Core no of Threads: 20 Current no of threads: 0 Current Queue Size: 0 Max allowed Threads: 50
2020-11-17 13:02:35.500  INFO macpk-wks-0172 --- [        Timer-0] c.b.c.m.a.e.AsyncDALTaskExecutor         : AsyncDAL Active No Threads: 0 Core no of Threads: 20 Current no of threads: 0 Current Queue Size: 0 Max allowed Threads: 50
2020-11-17 13:03:35.501  INFO macpk-wks-0172 --- [        Timer-0] c.b.c.m.a.e.AsyncDALTaskExecutor         : AsyncDAL Active No Threads: 0 Core no of Threads: 20 Current no of threads: 0 Current Queue Size: 0 Max allowed Threads: 50
2020-11-17 13:04:35.501  INFO macpk-wks-0172 --- [        Timer-0] c.b.c.m.a.e.AsyncDALTaskExecutor         : AsyncDAL Active No Threads: 0 Core no of Threads: 20 Current no of threads: 0 Current Queue Size: 0 Max allowed Threads: 50
2020-11-17 13:05:35.501  INFO macpk-wks-0172 --- [        Timer-0] c.b.c.m.a.e.AsyncDALTaskExecutor         : AsyncDAL Active No Threads: 0 Core no of Threads: 20 Current no of threads: 0 Current Queue Size: 0 Max allowed Threads: 50
2020-11-17 13:06:35.137  INFO macpk-wks-0172 --- [MessageBroker-2] o.s.w.s.c.WebSocketMessageBrokerStats    : WebSocketSession[0 current WS(0)-HttpStream(0)-HttpPoll(0), 0 total, 0 closed abnormally (0 connect failure, 0 send limit, 0 transport error)], stompSubProtocol[processed CONNECT(0)-CONNECTED(0)-DISCONNECT(0)], stompBrokerRelay[null], inboundChannel[pool size = 0, active threads = 0, queued tasks = 0, completed tasks = 0], outboundChannel[pool size = 0, active threads = 0, queued tasks = 0, completed tasks = 0], sockJsScheduler[pool size = 6, active threads = 1, queued tasks = 0, completed tasks = 5]
2020-11-17 13:06:35.502  INFO macpk-wks-0172 --- [        Timer-0] c.b.c.m.a.e.AsyncDALTaskExecutor         : AsyncDAL Active No Threads: 0 Core no of Threads: 20 Current no of threads: 0 Current Queue Size: 0 Max allowed Threads: 50
2020-11-17 13:07:35.502  INFO macpk-wks-0172 --- [        Timer-0] c.b.c.m.a.e.AsyncDALTaskExecutor         : AsyncDAL Active No Threads: 0 Core no of Threads: 20 Current no of threads: 0 Current Queue Size: 0 Max allowed Threads: 50
2020-11-17 13:08:35.502  INFO macpk-wks-0172 --- [        Timer-0] c.b.c.m.a.e.AsyncDALTaskExecutor         : AsyncDAL Active No Threads: 0 Core no of Threads: 20 Current no of threads: 0 Current Queue Size: 0 Max allowed Threads: 50
2020-11-17 13:09:35.503  INFO macpk-wks-0172 --- [        Timer-0] c.b.c.m.a.e.AsyncDALTaskExecutor         : AsyncDAL Active No Threads: 0 Core no of Threads: 20 Current no of threads: 0 Current Queue Size: 0 Max allowed Threads: 50
2020-11-17 13:10:35.503  INFO macpk-wks-0172 --- [        Timer-0] c.b.c.m.a.e.AsyncDALTaskExecutor         : AsyncDAL Active No Threads: 0 Core no of Threads: 20 Current no of threads: 0 Current Queue Size: 0 Max allowed Threads: 50
2020-11-17 13:11:35.504  INFO macpk-wks-0172 --- [        Timer-0] c.b.c.m.a.e.AsyncDALTaskExecutor         : AsyncDAL Active No Threads: 0 Core no of Threads: 20 Current no of threads: 0 Current Queue Size: 0 Max allowed Threads: 50
2020-11-17 13:12:35.505  INFO macpk-wks-0172 --- [        Timer-0] c.b.c.m.a.e.AsyncDALTaskExecutor         : AsyncDAL Active No Threads: 0 Core no of Threads: 20 Current no of threads: 0 Current Queue Size: 0 Max allowed Threads: 50
2020-11-17 13:13:35.505  INFO macpk-wks-0172 --- [        Timer-0] c.b.c.m.a.e.AsyncDALTaskExecutor         : AsyncDAL Active No Threads: 0 Core no of Threads: 20 Current no of threads: 0 Current Queue Size: 0 Max allowed Threads: 50
2020-11-17 13:14:35.505  INFO macpk-wks-0172 --- [        Timer-0] c.b.c.m.a.e.AsyncDALTaskExecutor         : AsyncDAL Active No Threads: 0 Core no of Threads: 20 Current no of threads: 0 Current Queue Size: 0 Max allowed Threads: 50
2020-11-17 13:15:35.506  INFO macpk-wks-0172 --- [        Timer-0] c.b.c.m.a.e.AsyncDALTaskExecutor         : AsyncDAL Active No Threads: 0 Core no of Threads: 20 Current no of threads: 0 Current Queue Size: 0 Max allowed Threads: 50
2020-11-17 13:16:35.506  INFO macpk-wks-0172 --- [        Timer-0] c.b.c.m.a.e.AsyncDALTaskExecutor         : AsyncDAL Active No Threads: 0 Core no of Threads: 20 Current no of threads: 0 Current Queue Size: 0 Max allowed Threads: 50
2020-11-17 13:17:35.506  INFO macpk-wks-0172 --- [        Timer-0] c.b.c.m.a.e.AsyncDALTaskExecutor         : AsyncDAL Active No Threads: 0 Core no of Threads: 20 Current no of threads: 0 Current Queue Size: 0 Max allowed Threads: 50
2020-11-17 13:18:35.506  INFO macpk-wks-0172 --- [        Timer-0] c.b.c.m.a.e.AsyncDALTaskExecutor         : AsyncDAL Active No Threads: 0 Core no of Threads: 20 Current no of threads: 0 Current Queue Size: 0 Max allowed Threads: 50
2020-11-17 13:19:35.507  INFO macpk-wks-0172 --- [        Timer-0] c.b.c.m.a.e.AsyncDALTaskExecutor         : AsyncDAL Active No Threads: 0 Core no of Threads: 20 Current no of threads: 0 Current Queue Size: 0 Max allowed Threads: 50
2020-11-17 13:20:35.508  INFO macpk-wks-0172 --- [        Timer-0] c.b.c.m.a.e.AsyncDALTaskExecutor         : AsyncDAL Active No Threads: 0 Core no of Threads: 20 Current no of threads: 0 Current Queue Size: 0 Max allowed Threads: 50
2020-11-17 13:21:35.509  INFO macpk-wks-0172 --- [        Timer-0] c.b.c.m.a.e.AsyncDALTaskExecutor         : AsyncDAL Active No Threads: 0 Core no of Threads: 20 Current no of threads: 0 Current Queue Size: 0 Max allowed Threads: 50
2020-11-17 13:22:35.509  INFO macpk-wks-0172 --- [        Timer-0] c.b.c.m.a.e.AsyncDALTaskExecutor         : AsyncDAL Active No Threads: 0 Core no of Threads: 20 Current no of threads: 0 Current Queue Size: 0 Max allowed Threads: 50
2020-11-17 13:23:35.509  INFO macpk-wks-0172 --- [        Timer-0] c.b.c.m.a.e.AsyncDALTaskExecutor         : AsyncDAL Active No Threads: 0 Core no of Threads: 20 Current no of threads: 0 Current Queue Size: 0 Max allowed Threads: 50
2020-11-17 13:24:35.510  INFO macpk-wks-0172 --- [        Timer-0] c.b.c.m.a.e.AsyncDALTaskExecutor         : AsyncDAL Active No Threads: 0 Core no of Threads: 20 Current no of threads: 0 Current Queue Size: 0 Max allowed Threads: 50
2020-11-17 13:25:35.511  INFO macpk-wks-0172 --- [        Timer-0] c.b.c.m.a.e.AsyncDALTaskExecutor         : AsyncDAL Active No Threads: 0 Core no of Threads: 20 Current no of threads: 0 Current Queue Size: 0 Max allowed Threads: 50
2020-11-17 13:26:35.511  INFO macpk-wks-0172 --- [        Timer-0] c.b.c.m.a.e.AsyncDALTaskExecutor         : AsyncDAL Active No Threads: 0 Core no of Threads: 20 Current no of threads: 0 Current Queue Size: 0 Max allowed Threads: 50
2020-11-17 13:27:35.512  INFO macpk-wks-0172 --- [        Timer-0] c.b.c.m.a.e.AsyncDALTaskExecutor         : AsyncDAL Active No Threads: 0 Core no of Threads: 20 Current no of threads: 0 Current Queue Size: 0 Max allowed Threads: 50
2020-11-17 13:28:35.512  INFO macpk-wks-0172 --- [        Timer-0] c.b.c.m.a.e.AsyncDALTaskExecutor         : AsyncDAL Active No Threads: 0 Core no of Threads: 20 Current no of threads: 0 Current Queue Size: 0 Max allowed Threads: 50
